#
# A fatal error has been detected by the Java Runtime Environment:
#
#  EXCEPTION_ACCESS_VIOLATION (0xc0000005) at pc=0x000000006e9df4da, pid=8912, tid=13124
#
# JRE version: Java(TM) SE Runtime Environment (17.0.1+12) (build 17.0.1+12-LTS-39)
# Java VM: Java HotSpot(TM) 64-Bit Server VM (17.0.1+12-LTS-39, mixed mode, sharing, tiered, compressed oops, compressed class ptrs, g1 gc, windows-amd64)
# Problematic frame:
# C  [gdx-box2d64.dll+0x1f4da]
#
# No core dump will be written. Minidumps are not enabled by default on client versions of Windows
#
# If you would like to submit a bug report, please visit:
#   https://bugreport.java.com/bugreport/crash.jsp
# The crash happened outside the Java Virtual Machine in native code.
# See problematic frame for where to report the bug.
#

---------------  S U M M A R Y ------------

Command Line: -Dfile.encoding=Cp1252 -XX:+ShowCodeDetailsInExceptionMessages com.mygdx.game.desktop.DesktopLauncher

Host: AMD Ryzen 5 3600 6-Core Processor              , 12 cores, 15G,  Windows 10 , 64 bit Build 22000 (10.0.22000.434)
Time: Tue Jan 18 19:41:08 2022 Hora oficial do Brasil elapsed time: 83.011625 seconds (0d 0h 1m 23s)

---------------  T H R E A D  ---------------

Current thread (0x000001c6f8f3a200):  JavaThread "LWJGL Application" [_thread_in_native, id=13124, stack(0x000000421fd00000,0x000000421fe00000)]

Stack: [0x000000421fd00000,0x000000421fe00000],  sp=0x000000421fdff050,  free space=1020k
Native frames: (J=compiled Java code, j=interpreted, Vv=VM code, C=native code)
C  [gdx-box2d64.dll+0x1f4da]

Java frames: (J=compiled Java code, j=interpreted, Vv=VM code)
J 1449  com.badlogic.gdx.physics.box2d.World.jniStep(JFII)V (0 bytes) @ 0x000001c6e3d795f1 [0x000001c6e3d795a0+0x0000000000000051]
J 1448 c1 com.badlogic.gdx.physics.box2d.World.step(FII)V (12 bytes) @ 0x000001c6dca68924 [0x000001c6dca688a0+0x0000000000000084]
J 1429 c1 com.mygdx.game.screens.PlayScreen.update(F)V (413 bytes) @ 0x000001c6dca5a524 [0x000001c6dca5a440+0x00000000000000e4]
J 1428 c1 com.mygdx.game.screens.PlayScreen.render(F)V (120 bytes) @ 0x000001c6dca58eb4 [0x000001c6dca58e20+0x0000000000000094]
J 1373 c1 com.mygdx.game.LostLegacy.render()V (5 bytes) @ 0x000001c6dca47e34 [0x000001c6dca47c40+0x00000000000001f4]
j  com.badlogic.gdx.backends.lwjgl.LwjglApplication.mainLoop()V+770
j  com.badlogic.gdx.backends.lwjgl.LwjglApplication$1.run()V+27
v  ~StubRoutines::call_stub

siginfo: EXCEPTION_ACCESS_VIOLATION (0xc0000005), reading address 0xffffffffffffffff


Register to memory mapping:

RIP=0x000000006e9df4da gdx-box2d64.dll
RAX=0x000001c6e3d795f1 is at entry_point+81 in (nmethod*)0x000001c6e3d79410
RBX=0xcfa9a9a9ffffffff is an unknown value
RCX=0x000001c6f8f3a488 points into unknown readable memory: 0x000000421fdff200 | 00 f2 df 1f 42 00 00 00
RDX=0x000001c6f8f3a488 points into unknown readable memory: 0x000000421fdff200 | 00 f2 df 1f 42 00 00 00
RSP=0x000000421fdff050 is pointing into the stack for thread: 0x000001c6f8f3a200
RBP=0x000001c6f8990590 is an unknown value
RSI=0x00000000000000e9 is an unknown value
RDI=0x000001c6f89b84b8 is an unknown value
R8 =0x0000000000000004 is an unknown value
R9 =0x0000000000000004 is an unknown value
R10=0x000001c6f9160cd0 points into unknown readable memory: 0x0000001e00000003 | 03 00 00 00 1e 00 00 00
R11=0x000000421fdfef20 is pointing into the stack for thread: 0x000001c6f8f3a200
R12=0x0 is NULL
R13=0x000001c6f89ab410 is an unknown value
R14=0x000001c6f89aa690 is an unknown value
R15=0x000001c6f89bcbb0 points into unknown readable memory: 0xd6b5b5b5eaffffff | ff ff ff ea b5 b5 b5 d6


Registers:
RAX=0x000001c6e3d795f1, RBX=0xcfa9a9a9ffffffff, RCX=0x000001c6f8f3a488, RDX=0x000001c6f8f3a488
RSP=0x000000421fdff050, RBP=0x000001c6f8990590, RSI=0x00000000000000e9, RDI=0x000001c6f89b84b8
R8 =0x0000000000000004, R9 =0x0000000000000004, R10=0x000001c6f9160cd0, R11=0x000000421fdfef20
R12=0x0000000000000000, R13=0x000001c6f89ab410, R14=0x000001c6f89aa690, R15=0x000001c6f89bcbb0
RIP=0x000000006e9df4da, EFLAGS=0x0000000000010286

Top of Stack: (sp=0x000000421fdff050)
0x000000421fdff050:   0000000000000254 00007ffe17cb04d0
0x000000421fdff060:   000000421fdff0f0 000000006e9cc68c
0x000000421fdff070:   000000003f800000 0000000000000000
0x000000421fdff080:   0000cc10ebfea634 000001c6f89772f0
0x000000421fdff090:   000000421fdff100 000000421fdff0f0
0x000000421fdff0a0:   000001c6f8990590 0000000000000006
0x000000421fdff0b0:   000000421fdff488 0000000800c042a8
0x000000421fdff0c0:   000001c6f8f3a200 000000006e9e2fb7
0x000000421fdff0d0:   000000421fdff4d8 000001c6dc910634
0x000000421fdff0e0:   0000000000000001 000000070fc89ae8
0x000000421fdff0f0:   4285788b0bb65800 0000000000000000
0x000000421fdff100:   4285788b0bb66000 00007ffe21bc6491
0x000000421fdff110:   426fffff3c888889 000000063f800000
0x000000421fdff120:   0000010100000002 000000421fdff190
0x000000421fdff130:   000000003c888889 0000000000000000
0x000000421fdff140:   00000000443c0000 0000000000000000 

Instructions: (pc=0x000000006e9df4da)
0x000000006e9df3da:   66 0f 1f 44 00 00 48 89 56 58 e9 50 ff ff ff 0f
0x000000006e9df3ea:   1f 80 00 00 00 00 48 89 95 88 00 00 00 e9 6c ff
0x000000006e9df3fa:   ff ff 0f 1f 40 00 41 57 41 56 41 55 41 54 55 57
0x000000006e9df40a:   56 53 48 83 ec 38 0f 29 74 24 20 66 0f ef f6 48
0x000000006e9df41a:   89 cd 48 8b 59 58 48 85 db 0f 85 b1 00 00 00 e9
0x000000006e9df42a:   ef 00 00 00 66 90 8b 17 85 d2 0f 84 c8 00 00 00
0x000000006e9df43a:   48 c1 e6 05 49 03 76 28 49 63 c4 48 c1 e0 05 49
0x000000006e9df44a:   03 45 28 48 63 7e 1c 48 63 70 1c 85 ff 78 05 3b
0x000000006e9df45a:   7d 14 7c 19 48 8d 15 1b 4f 02 00 48 8d 0d 3c 4f
0x000000006e9df46a:   02 00 41 b8 a4 00 00 00 e8 59 71 01 00 48 8b 45
0x000000006e9df47a:   08 48 8d 14 bf 85 f6 48 8d 3c d0 78 05 3b 75 14
0x000000006e9df48a:   7c 1d 48 8d 15 ed 4e 02 00 48 8d 0d 0e 4f 02 00
0x000000006e9df49a:   41 b8 a4 00 00 00 e8 2b 71 01 00 48 8b 45 08 48
0x000000006e9df4aa:   8d 14 b6 48 8d 04 d0 f3 0f 10 00 f3 0f 5c 47 08
0x000000006e9df4ba:   0f 2e c6 0f 86 a2 00 00 00 48 8b 73 18 48 89 da
0x000000006e9df4ca:   48 89 e9 e8 0e fe ff ff 48 89 f3 48 85 db 74 43
0x000000006e9df4da:   f6 43 08 08 4c 8b 73 60 4c 8b 6b 68 48 63 73 70
0x000000006e9df4ea:   44 8b 63 74 49 8b 7e 10 4d 8b 7d 10 75 3b f6 47
0x000000006e9df4fa:   04 02 0f 85 2e ff ff ff 41 f6 47 04 02 74 0b 41
0x000000006e9df50a:   8b 07 85 c0 0f 85 26 ff ff ff 48 8b 5b 18 48 85
0x000000006e9df51a:   db 75 bd 0f 28 74 24 20 48 83 c4 38 5b 5e 5f 5d
0x000000006e9df52a:   41 5c 41 5d 41 5e 41 5f c3 48 89 fa 4c 89 f9 e8
0x000000006e9df53a:   32 f6 ff ff 84 c0 74 81 48 8b 4d 68 48 85 c9 74
0x000000006e9df54a:   14 48 8b 01 4d 89 e8 4c 89 f2 ff 50 10 84 c0 0f
0x000000006e9df55a:   84 64 ff ff ff 83 63 08 f7 eb 93 f3 0f 10 40 04
0x000000006e9df56a:   f3 0f 5c 47 0c 0f 2e c6 0f 87 4b ff ff ff f3 0f
0x000000006e9df57a:   10 07 f3 0f 5c 40 08 0f 2e c6 0f 87 39 ff ff ff
0x000000006e9df58a:   f3 0f 10 47 04 f3 0f 5c 40 0c 0f 2e c6 0f 87 26
0x000000006e9df59a:   ff ff ff 48 8b 55 70 48 89 d9 e8 e7 db fe ff e9
0x000000006e9df5aa:   66 ff ff ff 66 90 41 55 41 54 55 57 56 53 48 83
0x000000006e9df5ba:   ec 38 48 8b 5a 10 49 8b 70 10 48 89 cf 44 8b 62
0x000000006e9df5ca:   18 45 8b 68 18 48 8b 53 10 48 8b 4e 10 48 39 ca 


Stack slot to memory mapping:
stack at sp + 0 slots: 0x0000000000000254 is an unknown value
stack at sp + 1 slots: 0x00007ffe17cb04d0 atio6axx.dll
stack at sp + 2 slots: 0x000000421fdff0f0 is pointing into the stack for thread: 0x000001c6f8f3a200
stack at sp + 3 slots: 0x000000006e9cc68c gdx-box2d64.dll
stack at sp + 4 slots: 0x000000003f800000 is an unknown value
stack at sp + 5 slots: 0x0 is NULL
stack at sp + 6 slots: 0x0000cc10ebfea634 is an unknown value
stack at sp + 7 slots: 0x000001c6f89772f0 points into unknown readable memory: 0x000001c6f89bb3b0 | b0 b3 9b f8 c6 01 00 00


---------------  P R O C E S S  ---------------

Threads class SMR info:
_java_thread_list=0x000001c684f87b40, length=16, elements={
0x000001c6f7b82f40, 0x000001c6f7b865e0, 0x000001c6f852ec80, 0x000001c6f852f630,
0x000001c6f852ffe0, 0x000001c6f8530ba0, 0x000001c6f853d660, 0x000001c6f8561890,
0x000001c6d282c320, 0x000001c6f86874a0, 0x000001c6f8689ff0, 0x000001c6f8f3a200,
0x000001c6d4a129b0, 0x000001c684c59820, 0x000001c6f901a260, 0x000001c684f86730
}

Java Threads: ( => current thread )
  0x000001c6f7b82f40 JavaThread "Reference Handler" daemon [_thread_blocked, id=11944, stack(0x000000421ef00000,0x000000421f000000)]
  0x000001c6f7b865e0 JavaThread "Finalizer" daemon [_thread_blocked, id=16204, stack(0x000000421f000000,0x000000421f100000)]
  0x000001c6f852ec80 JavaThread "Signal Dispatcher" daemon [_thread_blocked, id=6748, stack(0x000000421f100000,0x000000421f200000)]
  0x000001c6f852f630 JavaThread "Attach Listener" daemon [_thread_blocked, id=7388, stack(0x000000421f200000,0x000000421f300000)]
  0x000001c6f852ffe0 JavaThread "Service Thread" daemon [_thread_blocked, id=11592, stack(0x000000421f300000,0x000000421f400000)]
  0x000001c6f8530ba0 JavaThread "Monitor Deflation Thread" daemon [_thread_blocked, id=3656, stack(0x000000421f400000,0x000000421f500000)]
  0x000001c6f853d660 JavaThread "C2 CompilerThread0" daemon [_thread_blocked, id=6492, stack(0x000000421f500000,0x000000421f600000)]
  0x000001c6f8561890 JavaThread "C1 CompilerThread0" daemon [_thread_blocked, id=12888, stack(0x000000421f600000,0x000000421f700000)]
  0x000001c6d282c320 JavaThread "Sweeper thread" daemon [_thread_blocked, id=9444, stack(0x000000421f700000,0x000000421f800000)]
  0x000001c6f86874a0 JavaThread "Notification Thread" daemon [_thread_blocked, id=3708, stack(0x000000421f800000,0x000000421f900000)]
  0x000001c6f8689ff0 JavaThread "Common-Cleaner" daemon [_thread_blocked, id=8500, stack(0x000000421fa00000,0x000000421fb00000)]
=>0x000001c6f8f3a200 JavaThread "LWJGL Application" [_thread_in_native, id=13124, stack(0x000000421fd00000,0x000000421fe00000)]
  0x000001c6d4a129b0 JavaThread "DestroyJavaVM" [_thread_blocked, id=4144, stack(0x000000421e800000,0x000000421e900000)]
  0x000001c684c59820 JavaThread "LWJGL Timer" daemon [_thread_blocked, id=11660, stack(0x0000004220200000,0x0000004220300000)]
  0x000001c6f901a260 JavaThread "Timer" daemon [_thread_blocked, id=340, stack(0x0000004220100000,0x0000004220200000)]
  0x000001c684f86730 JavaThread "C2 CompilerThread1" daemon [_thread_blocked, id=12788, stack(0x000000421e500000,0x000000421e600000)]

Other Threads:
  0x000001c6f7b7df40 VMThread "VM Thread" [stack: 0x000000421ee00000,0x000000421ef00000] [id=12976]
  0x000001c6f8688d90 WatcherThread [stack: 0x000000421f900000,0x000000421fa00000] [id=7104]
  0x000001c6d4a65530 GCTaskThread "GC Thread#0" [stack: 0x000000421e900000,0x000000421ea00000] [id=9136]
  0x000001c6fb33b240 GCTaskThread "GC Thread#1" [stack: 0x0000004220400000,0x0000004220500000] [id=14100]
  0x000001c6fb33b4f0 GCTaskThread "GC Thread#2" [stack: 0x0000004220500000,0x0000004220600000] [id=10904]
  0x000001c6fb3394b0 GCTaskThread "GC Thread#3" [stack: 0x0000004220600000,0x0000004220700000] [id=15260]
  0x000001c6fb33b7a0 GCTaskThread "GC Thread#4" [stack: 0x0000004220700000,0x0000004220800000] [id=4628]
  0x000001c6fb33ba50 GCTaskThread "GC Thread#5" [stack: 0x0000004220800000,0x0000004220900000] [id=3224]
  0x000001c6fb33bd00 GCTaskThread "GC Thread#6" [stack: 0x0000004220900000,0x0000004220a00000] [id=11752]
  0x000001c6d4ab4010 ConcurrentGCThread "G1 Main Marker" [stack: 0x000000421ea00000,0x000000421eb00000] [id=11700]
  0x000001c6d4ab4a20 ConcurrentGCThread "G1 Conc#0" [stack: 0x000000421eb00000,0x000000421ec00000] [id=12840]
  0x000001c6d4aeeac0 ConcurrentGCThread "G1 Refine#0" [stack: 0x000000421ec00000,0x000000421ed00000] [id=9800]
  0x000001c6f7a36700 ConcurrentGCThread "G1 Service" [stack: 0x000000421ed00000,0x000000421ee00000] [id=8212]

Threads with active compile tasks:

VM state: not at safepoint (normal execution)

VM Mutex/Monitor currently owned by a thread: None

Heap address: 0x0000000701400000, size: 4076 MB, Compressed Oops mode: Zero based, Oop shift amount: 3

CDS archive(s) mapped at: [0x0000000800000000-0x0000000800bc0000-0x0000000800bc0000), size 12320768, SharedBaseAddress: 0x0000000800000000, ArchiveRelocationMode: 0.
Compressed class space mapped at: 0x0000000800c00000-0x0000000840c00000, reserved size: 1073741824
Narrow klass base: 0x0000000800000000, Narrow klass shift: 0, Narrow klass range: 0x100000000

GC Precious Log:
 CPUs: 12 total, 12 available
 Memory: 16297M
 Large Page Support: Disabled
 NUMA Support: Disabled
 Compressed Oops: Enabled (Zero based)
 Heap Region Size: 2M
 Heap Min Capacity: 8M
 Heap Initial Capacity: 256M
 Heap Max Capacity: 4076M
 Pre-touch: Disabled
 Parallel Workers: 10
 Concurrent Workers: 3
 Concurrent Refinement Workers: 10
 Periodic GC: Disabled

Heap:
 garbage-first heap   total 262144K, used 7346K [0x0000000701400000, 0x0000000800000000)
  region size 2048K, 5 young (10240K), 2 survivors (4096K)
 Metaspace       used 6481K, committed 6656K, reserved 1056768K
  class space    used 499K, committed 576K, reserved 1048576K

Heap Regions: E=young(eden), S=young(survivor), O=old, HS=humongous(starts), HC=humongous(continues), CS=collection set, F=free, OA=open archive, CA=closed archive, TAMS=top-at-mark-start (previous, next)
|   0|0x0000000701400000, 0x0000000701400000, 0x0000000701600000|  0%| F|  |TAMS 0x0000000701400000, 0x0000000701400000| Untracked 
|   1|0x0000000701600000, 0x0000000701600000, 0x0000000701800000|  0%| F|  |TAMS 0x0000000701600000, 0x0000000701600000| Untracked 
|   2|0x0000000701800000, 0x0000000701800000, 0x0000000701a00000|  0%| F|  |TAMS 0x0000000701800000, 0x0000000701800000| Untracked 
|   3|0x0000000701a00000, 0x0000000701a00000, 0x0000000701c00000|  0%| F|  |TAMS 0x0000000701a00000, 0x0000000701a00000| Untracked 
|   4|0x0000000701c00000, 0x0000000701c00000, 0x0000000701e00000|  0%| F|  |TAMS 0x0000000701c00000, 0x0000000701c00000| Untracked 
|   5|0x0000000701e00000, 0x0000000701e00000, 0x0000000702000000|  0%| F|  |TAMS 0x0000000701e00000, 0x0000000701e00000| Untracked 
|   6|0x0000000702000000, 0x0000000702000000, 0x0000000702200000|  0%| F|  |TAMS 0x0000000702000000, 0x0000000702000000| Untracked 
|   7|0x0000000702200000, 0x0000000702200000, 0x0000000702400000|  0%| F|  |TAMS 0x0000000702200000, 0x0000000702200000| Untracked 
|   8|0x0000000702400000, 0x0000000702400000, 0x0000000702600000|  0%| F|  |TAMS 0x0000000702400000, 0x0000000702400000| Untracked 
|   9|0x0000000702600000, 0x0000000702600000, 0x0000000702800000|  0%| F|  |TAMS 0x0000000702600000, 0x0000000702600000| Untracked 
|  10|0x0000000702800000, 0x0000000702800000, 0x0000000702a00000|  0%| F|  |TAMS 0x0000000702800000, 0x0000000702800000| Untracked 
|  11|0x0000000702a00000, 0x0000000702a00000, 0x0000000702c00000|  0%| F|  |TAMS 0x0000000702a00000, 0x0000000702a00000| Untracked 
|  12|0x0000000702c00000, 0x0000000702c00000, 0x0000000702e00000|  0%| F|  |TAMS 0x0000000702c00000, 0x0000000702c00000| Untracked 
|  13|0x0000000702e00000, 0x0000000702e00000, 0x0000000703000000|  0%| F|  |TAMS 0x0000000702e00000, 0x0000000702e00000| Untracked 
|  14|0x0000000703000000, 0x0000000703000000, 0x0000000703200000|  0%| F|  |TAMS 0x0000000703000000, 0x0000000703000000| Untracked 
|  15|0x0000000703200000, 0x0000000703200000, 0x0000000703400000|  0%| F|  |TAMS 0x0000000703200000, 0x0000000703200000| Untracked 
|  16|0x0000000703400000, 0x0000000703400000, 0x0000000703600000|  0%| F|  |TAMS 0x0000000703400000, 0x0000000703400000| Untracked 
|  17|0x0000000703600000, 0x0000000703600000, 0x0000000703800000|  0%| F|  |TAMS 0x0000000703600000, 0x0000000703600000| Untracked 
|  18|0x0000000703800000, 0x0000000703800000, 0x0000000703a00000|  0%| F|  |TAMS 0x0000000703800000, 0x0000000703800000| Untracked 
|  19|0x0000000703a00000, 0x0000000703a00000, 0x0000000703c00000|  0%| F|  |TAMS 0x0000000703a00000, 0x0000000703a00000| Untracked 
|  20|0x0000000703c00000, 0x0000000703c00000, 0x0000000703e00000|  0%| F|  |TAMS 0x0000000703c00000, 0x0000000703c00000| Untracked 
|  21|0x0000000703e00000, 0x0000000703e00000, 0x0000000704000000|  0%| F|  |TAMS 0x0000000703e00000, 0x0000000703e00000| Untracked 
|  22|0x0000000704000000, 0x0000000704000000, 0x0000000704200000|  0%| F|  |TAMS 0x0000000704000000, 0x0000000704000000| Untracked 
|  23|0x0000000704200000, 0x0000000704200000, 0x0000000704400000|  0%| F|  |TAMS 0x0000000704200000, 0x0000000704200000| Untracked 
|  24|0x0000000704400000, 0x0000000704400000, 0x0000000704600000|  0%| F|  |TAMS 0x0000000704400000, 0x0000000704400000| Untracked 
|  25|0x0000000704600000, 0x0000000704600000, 0x0000000704800000|  0%| F|  |TAMS 0x0000000704600000, 0x0000000704600000| Untracked 
|  26|0x0000000704800000, 0x0000000704800000, 0x0000000704a00000|  0%| F|  |TAMS 0x0000000704800000, 0x0000000704800000| Untracked 
|  27|0x0000000704a00000, 0x0000000704a00000, 0x0000000704c00000|  0%| F|  |TAMS 0x0000000704a00000, 0x0000000704a00000| Untracked 
|  28|0x0000000704c00000, 0x0000000704c00000, 0x0000000704e00000|  0%| F|  |TAMS 0x0000000704c00000, 0x0000000704c00000| Untracked 
|  29|0x0000000704e00000, 0x0000000704e00000, 0x0000000705000000|  0%| F|  |TAMS 0x0000000704e00000, 0x0000000704e00000| Untracked 
|  30|0x0000000705000000, 0x0000000705000000, 0x0000000705200000|  0%| F|  |TAMS 0x0000000705000000, 0x0000000705000000| Untracked 
|  31|0x0000000705200000, 0x0000000705200000, 0x0000000705400000|  0%| F|  |TAMS 0x0000000705200000, 0x0000000705200000| Untracked 
|  32|0x0000000705400000, 0x0000000705400000, 0x0000000705600000|  0%| F|  |TAMS 0x0000000705400000, 0x0000000705400000| Untracked 
|  33|0x0000000705600000, 0x0000000705600000, 0x0000000705800000|  0%| F|  |TAMS 0x0000000705600000, 0x0000000705600000| Untracked 
|  34|0x0000000705800000, 0x0000000705800000, 0x0000000705a00000|  0%| F|  |TAMS 0x0000000705800000, 0x0000000705800000| Untracked 
|  35|0x0000000705a00000, 0x0000000705a00000, 0x0000000705c00000|  0%| F|  |TAMS 0x0000000705a00000, 0x0000000705a00000| Untracked 
|  36|0x0000000705c00000, 0x0000000705c00000, 0x0000000705e00000|  0%| F|  |TAMS 0x0000000705c00000, 0x0000000705c00000| Untracked 
|  37|0x0000000705e00000, 0x0000000705e00000, 0x0000000706000000|  0%| F|  |TAMS 0x0000000705e00000, 0x0000000705e00000| Untracked 
|  38|0x0000000706000000, 0x0000000706000000, 0x0000000706200000|  0%| F|  |TAMS 0x0000000706000000, 0x0000000706000000| Untracked 
|  39|0x0000000706200000, 0x0000000706200000, 0x0000000706400000|  0%| F|  |TAMS 0x0000000706200000, 0x0000000706200000| Untracked 
|  40|0x0000000706400000, 0x0000000706400000, 0x0000000706600000|  0%| F|  |TAMS 0x0000000706400000, 0x0000000706400000| Untracked 
|  41|0x0000000706600000, 0x0000000706600000, 0x0000000706800000|  0%| F|  |TAMS 0x0000000706600000, 0x0000000706600000| Untracked 
|  42|0x0000000706800000, 0x0000000706800000, 0x0000000706a00000|  0%| F|  |TAMS 0x0000000706800000, 0x0000000706800000| Untracked 
|  43|0x0000000706a00000, 0x0000000706a00000, 0x0000000706c00000|  0%| F|  |TAMS 0x0000000706a00000, 0x0000000706a00000| Untracked 
|  44|0x0000000706c00000, 0x0000000706c00000, 0x0000000706e00000|  0%| F|  |TAMS 0x0000000706c00000, 0x0000000706c00000| Untracked 
|  45|0x0000000706e00000, 0x0000000706e00000, 0x0000000707000000|  0%| F|  |TAMS 0x0000000706e00000, 0x0000000706e00000| Untracked 
|  46|0x0000000707000000, 0x0000000707000000, 0x0000000707200000|  0%| F|  |TAMS 0x0000000707000000, 0x0000000707000000| Untracked 
|  47|0x0000000707200000, 0x0000000707200000, 0x0000000707400000|  0%| F|  |TAMS 0x0000000707200000, 0x0000000707200000| Untracked 
|  48|0x0000000707400000, 0x0000000707400000, 0x0000000707600000|  0%| F|  |TAMS 0x0000000707400000, 0x0000000707400000| Untracked 
|  49|0x0000000707600000, 0x0000000707600000, 0x0000000707800000|  0%| F|  |TAMS 0x0000000707600000, 0x0000000707600000| Untracked 
|  50|0x0000000707800000, 0x0000000707800000, 0x0000000707a00000|  0%| F|  |TAMS 0x0000000707800000, 0x0000000707800000| Untracked 
|  51|0x0000000707a00000, 0x0000000707a00000, 0x0000000707c00000|  0%| F|  |TAMS 0x0000000707a00000, 0x0000000707a00000| Untracked 
|  52|0x0000000707c00000, 0x0000000707c00000, 0x0000000707e00000|  0%| F|  |TAMS 0x0000000707c00000, 0x0000000707c00000| Untracked 
|  53|0x0000000707e00000, 0x0000000707e00000, 0x0000000708000000|  0%| F|  |TAMS 0x0000000707e00000, 0x0000000707e00000| Untracked 
|  54|0x0000000708000000, 0x0000000708000000, 0x0000000708200000|  0%| F|  |TAMS 0x0000000708000000, 0x0000000708000000| Untracked 
|  55|0x0000000708200000, 0x0000000708200000, 0x0000000708400000|  0%| F|  |TAMS 0x0000000708200000, 0x0000000708200000| Untracked 
|  56|0x0000000708400000, 0x0000000708400000, 0x0000000708600000|  0%| F|  |TAMS 0x0000000708400000, 0x0000000708400000| Untracked 
|  57|0x0000000708600000, 0x0000000708600000, 0x0000000708800000|  0%| F|  |TAMS 0x0000000708600000, 0x0000000708600000| Untracked 
|  58|0x0000000708800000, 0x0000000708800000, 0x0000000708a00000|  0%| F|  |TAMS 0x0000000708800000, 0x0000000708800000| Untracked 
|  59|0x0000000708a00000, 0x0000000708a00000, 0x0000000708c00000|  0%| F|  |TAMS 0x0000000708a00000, 0x0000000708a00000| Untracked 
|  60|0x0000000708c00000, 0x0000000708c00000, 0x0000000708e00000|  0%| F|  |TAMS 0x0000000708c00000, 0x0000000708c00000| Untracked 
|  61|0x0000000708e00000, 0x0000000708e00000, 0x0000000709000000|  0%| F|  |TAMS 0x0000000708e00000, 0x0000000708e00000| Untracked 
|  62|0x0000000709000000, 0x0000000709000000, 0x0000000709200000|  0%| F|  |TAMS 0x0000000709000000, 0x0000000709000000| Untracked 
|  63|0x0000000709200000, 0x0000000709200000, 0x0000000709400000|  0%| F|  |TAMS 0x0000000709200000, 0x0000000709200000| Untracked 
|  64|0x0000000709400000, 0x0000000709400000, 0x0000000709600000|  0%| F|  |TAMS 0x0000000709400000, 0x0000000709400000| Untracked 
|  65|0x0000000709600000, 0x0000000709600000, 0x0000000709800000|  0%| F|  |TAMS 0x0000000709600000, 0x0000000709600000| Untracked 
|  66|0x0000000709800000, 0x0000000709800000, 0x0000000709a00000|  0%| F|  |TAMS 0x0000000709800000, 0x0000000709800000| Untracked 
|  67|0x0000000709a00000, 0x0000000709a00000, 0x0000000709c00000|  0%| F|  |TAMS 0x0000000709a00000, 0x0000000709a00000| Untracked 
|  68|0x0000000709c00000, 0x0000000709c00000, 0x0000000709e00000|  0%| F|  |TAMS 0x0000000709c00000, 0x0000000709c00000| Untracked 
|  69|0x0000000709e00000, 0x0000000709e00000, 0x000000070a000000|  0%| F|  |TAMS 0x0000000709e00000, 0x0000000709e00000| Untracked 
|  70|0x000000070a000000, 0x000000070a000000, 0x000000070a200000|  0%| F|  |TAMS 0x000000070a000000, 0x000000070a000000| Untracked 
|  71|0x000000070a200000, 0x000000070a200000, 0x000000070a400000|  0%| F|  |TAMS 0x000000070a200000, 0x000000070a200000| Untracked 
|  72|0x000000070a400000, 0x000000070a400000, 0x000000070a600000|  0%| F|  |TAMS 0x000000070a400000, 0x000000070a400000| Untracked 
|  73|0x000000070a600000, 0x000000070a600000, 0x000000070a800000|  0%| F|  |TAMS 0x000000070a600000, 0x000000070a600000| Untracked 
|  74|0x000000070a800000, 0x000000070a800000, 0x000000070aa00000|  0%| F|  |TAMS 0x000000070a800000, 0x000000070a800000| Untracked 
|  75|0x000000070aa00000, 0x000000070aa00000, 0x000000070ac00000|  0%| F|  |TAMS 0x000000070aa00000, 0x000000070aa00000| Untracked 
|  76|0x000000070ac00000, 0x000000070ac00000, 0x000000070ae00000|  0%| F|  |TAMS 0x000000070ac00000, 0x000000070ac00000| Untracked 
|  77|0x000000070ae00000, 0x000000070ae00000, 0x000000070b000000|  0%| F|  |TAMS 0x000000070ae00000, 0x000000070ae00000| Untracked 
|  78|0x000000070b000000, 0x000000070b000000, 0x000000070b200000|  0%| F|  |TAMS 0x000000070b000000, 0x000000070b000000| Untracked 
|  79|0x000000070b200000, 0x000000070b200000, 0x000000070b400000|  0%| F|  |TAMS 0x000000070b200000, 0x000000070b200000| Untracked 
|  80|0x000000070b400000, 0x000000070b400000, 0x000000070b600000|  0%| F|  |TAMS 0x000000070b400000, 0x000000070b400000| Untracked 
|  81|0x000000070b600000, 0x000000070b600000, 0x000000070b800000|  0%| F|  |TAMS 0x000000070b600000, 0x000000070b600000| Untracked 
|  82|0x000000070b800000, 0x000000070b800000, 0x000000070ba00000|  0%| F|  |TAMS 0x000000070b800000, 0x000000070b800000| Untracked 
|  83|0x000000070ba00000, 0x000000070ba00000, 0x000000070bc00000|  0%| F|  |TAMS 0x000000070ba00000, 0x000000070ba00000| Untracked 
|  84|0x000000070bc00000, 0x000000070bc00000, 0x000000070be00000|  0%| F|  |TAMS 0x000000070bc00000, 0x000000070bc00000| Untracked 
|  85|0x000000070be00000, 0x000000070be00000, 0x000000070c000000|  0%| F|  |TAMS 0x000000070be00000, 0x000000070be00000| Untracked 
|  86|0x000000070c000000, 0x000000070c000000, 0x000000070c200000|  0%| F|  |TAMS 0x000000070c000000, 0x000000070c000000| Untracked 
|  87|0x000000070c200000, 0x000000070c200000, 0x000000070c400000|  0%| F|  |TAMS 0x000000070c200000, 0x000000070c200000| Untracked 
|  88|0x000000070c400000, 0x000000070c400000, 0x000000070c600000|  0%| F|  |TAMS 0x000000070c400000, 0x000000070c400000| Untracked 
|  89|0x000000070c600000, 0x000000070c600000, 0x000000070c800000|  0%| F|  |TAMS 0x000000070c600000, 0x000000070c600000| Untracked 
|  90|0x000000070c800000, 0x000000070c800000, 0x000000070ca00000|  0%| F|  |TAMS 0x000000070c800000, 0x000000070c800000| Untracked 
|  91|0x000000070ca00000, 0x000000070ca00000, 0x000000070cc00000|  0%| F|  |TAMS 0x000000070ca00000, 0x000000070ca00000| Untracked 
|  92|0x000000070cc00000, 0x000000070cc00000, 0x000000070ce00000|  0%| F|  |TAMS 0x000000070cc00000, 0x000000070cc00000| Untracked 
|  93|0x000000070ce00000, 0x000000070ce00000, 0x000000070d000000|  0%| F|  |TAMS 0x000000070ce00000, 0x000000070ce00000| Untracked 
|  94|0x000000070d000000, 0x000000070d000000, 0x000000070d200000|  0%| F|  |TAMS 0x000000070d000000, 0x000000070d000000| Untracked 
|  95|0x000000070d200000, 0x000000070d200000, 0x000000070d400000|  0%| F|  |TAMS 0x000000070d200000, 0x000000070d200000| Untracked 
|  96|0x000000070d400000, 0x000000070d400000, 0x000000070d600000|  0%| F|  |TAMS 0x000000070d400000, 0x000000070d400000| Untracked 
|  97|0x000000070d600000, 0x000000070d600000, 0x000000070d800000|  0%| F|  |TAMS 0x000000070d600000, 0x000000070d600000| Untracked 
|  98|0x000000070d800000, 0x000000070d800000, 0x000000070da00000|  0%| F|  |TAMS 0x000000070d800000, 0x000000070d800000| Untracked 
|  99|0x000000070da00000, 0x000000070da00000, 0x000000070dc00000|  0%| F|  |TAMS 0x000000070da00000, 0x000000070da00000| Untracked 
| 100|0x000000070dc00000, 0x000000070dc00000, 0x000000070de00000|  0%| F|  |TAMS 0x000000070dc00000, 0x000000070dc00000| Untracked 
| 101|0x000000070de00000, 0x000000070de00000, 0x000000070e000000|  0%| F|  |TAMS 0x000000070de00000, 0x000000070de00000| Untracked 
| 102|0x000000070e000000, 0x000000070e000000, 0x000000070e200000|  0%| F|  |TAMS 0x000000070e000000, 0x000000070e000000| Untracked 
| 103|0x000000070e200000, 0x000000070e200000, 0x000000070e400000|  0%| F|  |TAMS 0x000000070e200000, 0x000000070e200000| Untracked 
| 104|0x000000070e400000, 0x000000070e400000, 0x000000070e600000|  0%| F|  |TAMS 0x000000070e400000, 0x000000070e400000| Untracked 
| 105|0x000000070e600000, 0x000000070e600000, 0x000000070e800000|  0%| F|  |TAMS 0x000000070e600000, 0x000000070e600000| Untracked 
| 106|0x000000070e800000, 0x000000070e800000, 0x000000070ea00000|  0%| F|  |TAMS 0x000000070e800000, 0x000000070e800000| Untracked 
| 107|0x000000070ea00000, 0x000000070ea00000, 0x000000070ec00000|  0%| F|  |TAMS 0x000000070ea00000, 0x000000070ea00000| Untracked 
| 108|0x000000070ec00000, 0x000000070ec00000, 0x000000070ee00000|  0%| F|  |TAMS 0x000000070ec00000, 0x000000070ec00000| Untracked 
| 109|0x000000070ee00000, 0x000000070ee00000, 0x000000070f000000|  0%| F|  |TAMS 0x000000070ee00000, 0x000000070ee00000| Untracked 
| 110|0x000000070f000000, 0x000000070f000000, 0x000000070f200000|  0%| F|  |TAMS 0x000000070f000000, 0x000000070f000000| Untracked 
| 111|0x000000070f200000, 0x000000070f200000, 0x000000070f400000|  0%| F|  |TAMS 0x000000070f200000, 0x000000070f200000| Untracked 
| 112|0x000000070f400000, 0x000000070f400000, 0x000000070f600000|  0%| F|  |TAMS 0x000000070f400000, 0x000000070f400000| Untracked 
| 113|0x000000070f600000, 0x000000070f600000, 0x000000070f800000|  0%| F|  |TAMS 0x000000070f600000, 0x000000070f600000| Untracked 
| 114|0x000000070f800000, 0x000000070f800000, 0x000000070fa00000|  0%| F|  |TAMS 0x000000070f800000, 0x000000070f800000| Untracked 
| 115|0x000000070fa00000, 0x000000070fb2c948, 0x000000070fc00000| 58%| S|CS|TAMS 0x000000070fa00000, 0x000000070fa00000| Complete 
| 116|0x000000070fc00000, 0x000000070fe00000, 0x000000070fe00000|100%| S|CS|TAMS 0x000000070fc00000, 0x000000070fc00000| Complete 
| 117|0x000000070fe00000, 0x000000070fe00000, 0x0000000710000000|  0%| F|  |TAMS 0x000000070fe00000, 0x000000070fe00000| Untracked 
| 118|0x0000000710000000, 0x0000000710000000, 0x0000000710200000|  0%| F|  |TAMS 0x0000000710000000, 0x0000000710000000| Untracked 
| 119|0x0000000710200000, 0x0000000710200000, 0x0000000710400000|  0%| F|  |TAMS 0x0000000710200000, 0x0000000710200000| Untracked 
| 120|0x0000000710400000, 0x0000000710400000, 0x0000000710600000|  0%| F|  |TAMS 0x0000000710400000, 0x0000000710400000| Untracked 
| 121|0x0000000710600000, 0x0000000710600000, 0x0000000710800000|  0%| F|  |TAMS 0x0000000710600000, 0x0000000710600000| Untracked 
| 122|0x0000000710800000, 0x0000000710800000, 0x0000000710a00000|  0%| F|  |TAMS 0x0000000710800000, 0x0000000710800000| Untracked 
| 123|0x0000000710a00000, 0x0000000710a00000, 0x0000000710c00000|  0%| F|  |TAMS 0x0000000710a00000, 0x0000000710a00000| Untracked 
| 124|0x0000000710c00000, 0x0000000710c00000, 0x0000000710e00000|  0%| F|  |TAMS 0x0000000710c00000, 0x0000000710c00000| Untracked 
| 125|0x0000000710e00000, 0x0000000710f1c6e0, 0x0000000711000000| 55%| E|  |TAMS 0x0000000710e00000, 0x0000000710e00000| Complete 
| 126|0x0000000711000000, 0x0000000711200000, 0x0000000711200000|100%| E|CS|TAMS 0x0000000711000000, 0x0000000711000000| Complete 
| 127|0x0000000711200000, 0x0000000711400000, 0x0000000711400000|100%| E|CS|TAMS 0x0000000711200000, 0x0000000711200000| Complete 

Card table byte_map: [0x000001c6ebf80000,0x000001c6ec780000] _byte_map_base: 0x000001c6e8776000

Marking Bits (Prev, Next): (CMBitMap*) 0x000001c6d4a65b40, (CMBitMap*) 0x000001c6d4a65b80
 Prev Bits: [0x000001c6ecf80000, 0x000001c6f0f30000)
 Next Bits: [0x000001c6f0f30000, 0x000001c6f4ee0000)

Polling page: 0x000001c6d27d0000

Metaspace:

Usage:
  Non-class:      5.84 MB used.
      Class:    499.52 KB used.
       Both:      6.33 MB used.

Virtual space:
  Non-class space:        8.00 MB reserved,       5.94 MB ( 74%) committed,  1 nodes.
      Class space:        1.00 GB reserved,     576.00 KB ( <1%) committed,  1 nodes.
             Both:        1.01 GB reserved,       6.50 MB ( <1%) committed. 

Chunk freelists:
   Non-Class:  304.00 KB
       Class:  3.45 MB
        Both:  3.75 MB

MaxMetaspaceSize: unlimited
CompressedClassSpaceSize: 1.00 GB
Initial GC threshold: 21.00 MB
Current GC threshold: 21.00 MB
CDS: on
MetaspaceReclaimPolicy: balanced
 - commit_granule_bytes: 65536.
 - commit_granule_words: 8192.
 - virtual_space_node_default_size: 1048576.
 - enlarge_chunks_in_place: 1.
 - new_chunks_are_fully_committed: 0.
 - uncommit_free_chunks: 1.
 - use_allocation_guard: 0.
 - handle_deallocations: 1.


Internal statistics:

num_allocs_failed_limit: 0.
num_arena_births: 22.
num_arena_deaths: 0.
num_vsnodes_births: 2.
num_vsnodes_deaths: 0.
num_space_committed: 102.
num_space_uncommitted: 0.
num_chunks_returned_to_freelist: 0.
num_chunks_taken_from_freelist: 167.
num_chunk_merges: 0.
num_chunk_splits: 134.
num_chunks_enlarged: 118.
num_purges: 0.
num_inconsistent_stats: 0.

CodeHeap 'non-profiled nmethods': size=120000Kb used=794Kb max_used=794Kb free=119205Kb
 bounds [0x000001c6e3cf0000, 0x000001c6e3f60000, 0x000001c6eb220000]
CodeHeap 'profiled nmethods': size=120000Kb used=3043Kb max_used=3043Kb free=116956Kb
 bounds [0x000001c6dc7c0000, 0x000001c6dcac0000, 0x000001c6e3cf0000]
CodeHeap 'non-nmethods': size=5760Kb used=1289Kb max_used=1314Kb free=4471Kb
 bounds [0x000001c6dc220000, 0x000001c6dc490000, 0x000001c6dc7c0000]
 total_blobs=2276 nmethods=1657 adapters=532
 compilation: enabled
              stopped_count=0, restarted_count=0
 full_count=0

Compilation events (20 events):
Event: 76.231 Thread 0x000001c6f853d660 nmethod 1643 0x000001c6e3db2590 code [0x000001c6e3db2700, 0x000001c6e3db2858]
Event: 80.930 Thread 0x000001c6f8561890 1644       3       com.badlogic.gdx.utils.IntMap::put (381 bytes)
Event: 80.930 Thread 0x000001c6f8561890 nmethod 1644 0x000001c6dcaafd90 code [0x000001c6dcab0080, 0x000001c6dcab16b8]
Event: 81.113 Thread 0x000001c6f8561890 1645   !   3       org.lwjgl.input.Keyboard::getEventKeyState (20 bytes)
Event: 81.113 Thread 0x000001c6f8561890 nmethod 1645 0x000001c6dcab1c90 code [0x000001c6dcab1e40, 0x000001c6dcab2058]
Event: 81.113 Thread 0x000001c6f8561890 1646   !   3       org.lwjgl.input.Keyboard::getEventNanoseconds (20 bytes)
Event: 81.113 Thread 0x000001c6f8561890 nmethod 1646 0x000001c6dcab2190 code [0x000001c6dcab2340, 0x000001c6dcab2558]
Event: 82.446 Thread 0x000001c6f8561890 1647       3       com.badlogic.gdx.graphics.g2d.BitmapFont$BitmapFontData::getGlyphs (269 bytes)
Event: 82.447 Thread 0x000001c6f8561890 nmethod 1647 0x000001c6dcab2690 code [0x000001c6dcab2920, 0x000001c6dcab36b8]
Event: 82.999 Thread 0x000001c6f853d660 1648   !   4       java.io.BufferedReader::readLine (327 bytes)
Event: 82.999 Thread 0x000001c6f8561890 1649       3       java.util.regex.Pattern$Slice::match (79 bytes)
Event: 83.000 Thread 0x000001c6f8561890 nmethod 1649 0x000001c6dcab3d10 code [0x000001c6dcab3ee0, 0x000001c6dcab4398]
Event: 83.000 Thread 0x000001c6f8561890 1654       3       java.util.StringTokenizer::skipDelimiters (116 bytes)
Event: 83.000 Thread 0x000001c6f8561890 nmethod 1654 0x000001c6dcab4510 code [0x000001c6dcab47c0, 0x000001c6dcab5568]
Event: 83.000 Thread 0x000001c6f8561890 1651       3       java.util.StringTokenizer::scanToken (179 bytes)
Event: 83.001 Thread 0x000001c6f8561890 nmethod 1651 0x000001c6dcab5a90 code [0x000001c6dcab5e00, 0x000001c6dcab7518]
Event: 83.001 Thread 0x000001c6f8561890 1652       3       java.util.StringTokenizer::nextToken (92 bytes)
Event: 83.001 Thread 0x000001c6f8561890 nmethod 1652 0x000001c6dcab7d90 code [0x000001c6dcab7f60, 0x000001c6dcab82f8]
Event: 83.001 Thread 0x000001c6f8561890 1650       3       java.lang.Character::codePointBefore (48 bytes)
Event: 83.001 Thread 0x000001c6f8561890 nmethod 1650 0x000001c6dcab8490 code [0x000001c6dcab8680, 0x000001c6dcab8c58]

GC Heap History (2 events):
Event: 8.037 GC heap before
{Heap before GC invocations=0 (full 0):
 garbage-first heap   total 262144K, used 20480K [0x0000000701400000, 0x0000000800000000)
  region size 2048K, 11 young (22528K), 0 survivors (0K)
 Metaspace       used 5987K, committed 6144K, reserved 1056768K
  class space    used 477K, committed 576K, reserved 1048576K
}
Event: 8.040 GC heap after
{Heap after GC invocations=1 (full 0):
 garbage-first heap   total 262144K, used 3250K [0x0000000701400000, 0x0000000800000000)
  region size 2048K, 2 young (4096K), 2 survivors (4096K)
 Metaspace       used 5987K, committed 6144K, reserved 1056768K
  class space    used 477K, committed 576K, reserved 1048576K
}

Deoptimization events (20 events):
Event: 53.363 Thread 0x000001c6f8f3a200 DEOPT PACKING pc=0x000001c6e3d77f10 sp=0x000000421fdff220
Event: 53.363 Thread 0x000001c6f8f3a200 DEOPT UNPACKING pc=0x000001c6dc2723a3 sp=0x000000421fdff0e8 mode 2
Event: 53.363 Thread 0x000001c6f8f3a200 Uncommon trap: trap_request=0xffffff45 fr.pc=0x000001c6e3d5d73c relative=0x000000000000011c
Event: 53.363 Thread 0x000001c6f8f3a200 Uncommon trap: reason=unstable_if action=reinterpret pc=0x000001c6e3d5d73c method=com.badlogic.gdx.maps.tiled.TiledMapTileLayer.getCell(II)Lcom/badlogic/gdx/maps/tiled/TiledMapTileLayer$Cell; @ 23 c2
Event: 53.363 Thread 0x000001c6f8f3a200 DEOPT PACKING pc=0x000001c6e3d5d73c sp=0x000000421fdff130
Event: 53.363 Thread 0x000001c6f8f3a200 DEOPT UNPACKING pc=0x000001c6dc2723a3 sp=0x000000421fdff0d8 mode 2
Event: 53.446 Thread 0x000001c6f8f3a200 DEOPT PACKING pc=0x000001c6dca9da15 sp=0x000000421fdff240
Event: 53.446 Thread 0x000001c6f8f3a200 DEOPT UNPACKING pc=0x000001c6dc272b43 sp=0x000000421fdfe658 mode 0
Event: 53.529 Thread 0x000001c6f8f3a200 DEOPT PACKING pc=0x000001c6dca9d9f4 sp=0x000000421fdff240
Event: 53.529 Thread 0x000001c6f8f3a200 DEOPT UNPACKING pc=0x000001c6dc272b43 sp=0x000000421fdfe658 mode 0
Event: 53.612 Thread 0x000001c6f8f3a200 DEOPT PACKING pc=0x000001c6dca9d9f4 sp=0x000000421fdff240
Event: 53.612 Thread 0x000001c6f8f3a200 DEOPT UNPACKING pc=0x000001c6dc272b43 sp=0x000000421fdfe658 mode 0
Event: 53.696 Thread 0x000001c6f8f3a200 DEOPT PACKING pc=0x000001c6dca9d9f4 sp=0x000000421fdff240
Event: 53.696 Thread 0x000001c6f8f3a200 DEOPT UNPACKING pc=0x000001c6dc272b43 sp=0x000000421fdfe658 mode 0
Event: 53.779 Thread 0x000001c6f8f3a200 DEOPT PACKING pc=0x000001c6dca9d9f4 sp=0x000000421fdff240
Event: 53.779 Thread 0x000001c6f8f3a200 DEOPT UNPACKING pc=0x000001c6dc272b43 sp=0x000000421fdfe658 mode 0
Event: 83.000 Thread 0x000001c6f8f3a200 DEOPT PACKING pc=0x000001c6dc9f458f sp=0x000000421fdfe270
Event: 83.000 Thread 0x000001c6f8f3a200 DEOPT UNPACKING pc=0x000001c6dc272b43 sp=0x000000421fdfd758 mode 0
Event: 83.001 Thread 0x000001c6f8f3a200 DEOPT PACKING pc=0x000001c6dc9f458f sp=0x000000421fdfe270
Event: 83.001 Thread 0x000001c6f8f3a200 DEOPT UNPACKING pc=0x000001c6dc272b43 sp=0x000000421fdfd758 mode 0

Classes unloaded (0 events):
No events

Classes redefined (0 events):
No events

Internal exceptions (6 events):
Event: 0.097 Thread 0x000001c6d4a129b0 Exception <a 'java/lang/NoSuchMethodError'{0x00000007111566c8}: 'java.lang.Object java.lang.invoke.DirectMethodHandle$Holder.invokeStaticInit(java.lang.Object, int, int, int, int)'> (0x00000007111566c8) 
thrown [t:\workspace\open\src\hotspot\share\interpreter\linkResolver.cpp, line 766]
Event: 0.131 Thread 0x000001c6d4a129b0 Exception <a 'java/lang/NoSuchMethodError'{0x00000007111e2fe8}: 'java.lang.Object java.lang.invoke.DirectMethodHandle$Holder.invokeStaticInit(java.lang.Object, java.lang.Object, int, int, int, int)'> (0x00000007111e2fe8) 
thrown [t:\workspace\open\src\hotspot\share\interpreter\linkResolver.cpp, line 766]
Event: 0.153 Thread 0x000001c6d4a129b0 Exception <a 'java/lang/NoSuchMethodError'{0x0000000710e79a58}: 'java.lang.Object java.lang.invoke.DirectMethodHandle$Holder.invokeInterface(java.lang.Object, java.lang.Object)'> (0x0000000710e79a58) 
thrown [t:\workspace\open\src\hotspot\share\interpreter\linkResolver.cpp, line 766]
Event: 0.153 Thread 0x000001c6d4a129b0 Exception <a 'java/lang/IncompatibleClassChangeError'{0x0000000710e7d418}: Found class java.lang.Object, but interface was expected> (0x0000000710e7d418) 
thrown [t:\workspace\open\src\hotspot\share\interpreter\linkResolver.cpp, line 833]
Event: 7.882 Thread 0x000001c6f8f3a200 Exception <a 'java/lang/NoSuchMethodError'{0x00000007104d4610}: 'java.lang.Object java.lang.invoke.DirectMethodHandle$Holder.invokeStaticInit(java.lang.Object)'> (0x00000007104d4610) 
thrown [t:\workspace\open\src\hotspot\share\interpreter\linkResolver.cpp, line 766]
Event: 13.463 Thread 0x000001c6f8f3a200 Implicit null exception at 0x000001c6e3d6a32f to 0x000001c6e3d6add8

VM Operations (20 events):
Event: 43.900 Executing VM operation: Cleanup
Event: 43.900 Executing VM operation: Cleanup done
Event: 45.901 Executing VM operation: Cleanup
Event: 45.901 Executing VM operation: Cleanup done
Event: 47.901 Executing VM operation: Cleanup
Event: 47.901 Executing VM operation: Cleanup done
Event: 50.902 Executing VM operation: Cleanup
Event: 50.902 Executing VM operation: Cleanup done
Event: 56.902 Executing VM operation: Cleanup
Event: 56.902 Executing VM operation: Cleanup done
Event: 61.903 Executing VM operation: Cleanup
Event: 61.903 Executing VM operation: Cleanup done
Event: 62.904 Executing VM operation: Cleanup
Event: 62.904 Executing VM operation: Cleanup done
Event: 68.904 Executing VM operation: Cleanup
Event: 68.904 Executing VM operation: Cleanup done
Event: 73.904 Executing VM operation: Cleanup
Event: 73.904 Executing VM operation: Cleanup done
Event: 76.906 Executing VM operation: Cleanup
Event: 76.906 Executing VM operation: Cleanup done

Events (20 events):
Event: 8.008 loading class java/lang/SecurityException done
Event: 8.043 loading class java/util/regex/Pattern$1
Event: 8.043 loading class java/util/regex/Pattern$1 done
Event: 8.050 loading class java/lang/reflect/InvocationTargetException
Event: 8.050 loading class java/lang/reflect/InvocationTargetException done
Event: 8.263 Thread 0x000001c6f8fb9400 Thread exited: 0x000001c6f8fb9400
Event: 8.380 Thread 0x000001c6f902f590 Thread exited: 0x000001c6f902f590
Event: 8.881 loading class jdk/internal/module/ModulePatcher$PatchedModuleReader
Event: 8.881 loading class jdk/internal/module/ModulePatcher$PatchedModuleReader done
Event: 8.882 loading class sun/net/www/protocol/jrt/Handler
Event: 8.882 loading class sun/net/www/protocol/jrt/Handler done
Event: 8.883 loading class sun/util/resources/LocaleData$CommonResourceBundleProvider
Event: 8.883 loading class sun/util/resources/LocaleData$LocaleDataResourceBundleProvider
Event: 8.883 loading class java/util/spi/ResourceBundleProvider
Event: 8.883 loading class java/util/spi/ResourceBundleProvider done
Event: 8.883 loading class sun/util/resources/LocaleData$LocaleDataResourceBundleProvider done
Event: 8.883 loading class sun/util/resources/LocaleData$CommonResourceBundleProvider done
Event: 8.884 loading class sun/util/resources/Bundles$2
Event: 8.884 loading class sun/util/resources/Bundles$2 done
Event: 10.680 Thread 0x000001c6f901a260 Thread added: 0x000001c6f901a260


Dynamic libraries:
0x00007ff6e58f0000 - 0x00007ff6e5900000 	C:\Program Files\Java\jdk-17.0.1\bin\javaw.exe
0x00007ffe5ab80000 - 0x00007ffe5ad87000 	C:\Windows\SYSTEM32\ntdll.dll
0x00007ffe5a2b0000 - 0x00007ffe5a36d000 	C:\Windows\System32\KERNEL32.DLL
0x00007ffe58340000 - 0x00007ffe586b4000 	C:\Windows\System32\KERNELBASE.dll
0x00007ffe580c0000 - 0x00007ffe581d1000 	C:\Windows\System32\ucrtbase.dll
0x00007ffe4e2e0000 - 0x00007ffe4e2f8000 	C:\Program Files\Java\jdk-17.0.1\bin\jli.dll
0x00007ffe4e3e0000 - 0x00007ffe4e3fa000 	C:\Program Files\Java\jdk-17.0.1\bin\VCRUNTIME140.dll
0x00007ffe5a570000 - 0x00007ffe5a61e000 	C:\Windows\System32\ADVAPI32.dll
0x00007ffe59280000 - 0x00007ffe59323000 	C:\Windows\System32\msvcrt.dll
0x00007ffe59330000 - 0x00007ffe593ce000 	C:\Windows\System32\sechost.dll
0x00007ffe5a450000 - 0x00007ffe5a570000 	C:\Windows\System32\RPCRT4.dll
0x00007ffe59cb0000 - 0x00007ffe59e5c000 	C:\Windows\System32\USER32.dll
0x00007ffe3a990000 - 0x00007ffe3ac35000 	C:\Windows\WinSxS\amd64_microsoft.windows.common-controls_6595b64144ccf1df_6.0.22000.120_none_9d947278b86cc467\COMCTL32.dll
0x00007ffe58310000 - 0x00007ffe58336000 	C:\Windows\System32\win32u.dll
0x00007ffe59c80000 - 0x00007ffe59ca9000 	C:\Windows\System32\GDI32.dll
0x00007ffe588d0000 - 0x00007ffe589e2000 	C:\Windows\System32\gdi32full.dll
0x00007ffe52430000 - 0x00007ffe5243a000 	C:\Windows\SYSTEM32\VERSION.dll
0x00007ffe586c0000 - 0x00007ffe5875d000 	C:\Windows\System32\msvcp_win.dll
0x00007ffe5aa00000 - 0x00007ffe5aa31000 	C:\Windows\System32\IMM32.DLL
0x00007ffe54380000 - 0x00007ffe5438c000 	C:\Program Files\Java\jdk-17.0.1\bin\vcruntime140_1.dll
0x00007ffe40070000 - 0x00007ffe400fd000 	C:\Program Files\Java\jdk-17.0.1\bin\msvcp140.dll
0x00007ffe217e0000 - 0x00007ffe2239e000 	C:\Program Files\Java\jdk-17.0.1\bin\server\jvm.dll
0x00007ffe5a7f0000 - 0x00007ffe5a7f8000 	C:\Windows\System32\PSAPI.DLL
0x00007ffe4c4d0000 - 0x00007ffe4c4d9000 	C:\Windows\SYSTEM32\WSOCK32.dll
0x00007ffe4e6b0000 - 0x00007ffe4e6e3000 	C:\Windows\SYSTEM32\WINMM.dll
0x00007ffe58ae0000 - 0x00007ffe58b4f000 	C:\Windows\System32\WS2_32.dll
0x00007ffe57230000 - 0x00007ffe57248000 	C:\Windows\SYSTEM32\kernel.appcore.dll
0x00007ffe4dc50000 - 0x00007ffe4dc5a000 	C:\Program Files\Java\jdk-17.0.1\bin\jimage.dll
0x00007ffe51510000 - 0x00007ffe51731000 	C:\Windows\SYSTEM32\DBGHELP.DLL
0x00007ffe48f60000 - 0x00007ffe48f91000 	C:\Windows\SYSTEM32\dbgcore.DLL
0x00007ffe58040000 - 0x00007ffe580bf000 	C:\Windows\System32\bcryptPrimitives.dll
0x00007ffe4d950000 - 0x00007ffe4d975000 	C:\Program Files\Java\jdk-17.0.1\bin\java.dll
0x00007ffe30cd0000 - 0x00007ffe30da6000 	C:\Program Files\Java\jdk-17.0.1\bin\svml.dll
0x00007ffe594b0000 - 0x00007ffe59c5e000 	C:\Windows\System32\SHELL32.dll
0x00007ffe561c0000 - 0x00007ffe56a27000 	C:\Windows\SYSTEM32\windows.storage.dll
0x00007ffe59ec0000 - 0x00007ffe5a238000 	C:\Windows\System32\combase.dll
0x00007ffe56050000 - 0x00007ffe561b6000 	C:\Windows\SYSTEM32\wintypes.dll
0x00007ffe589f0000 - 0x00007ffe58ada000 	C:\Windows\System32\SHCORE.dll
0x00007ffe5a800000 - 0x00007ffe5a85d000 	C:\Windows\System32\shlwapi.dll
0x00007ffe57f70000 - 0x00007ffe57f91000 	C:\Windows\SYSTEM32\profapi.dll
0x00007ffe4d920000 - 0x00007ffe4d939000 	C:\Program Files\Java\jdk-17.0.1\bin\net.dll
0x00007ffe535d0000 - 0x00007ffe536dc000 	C:\Windows\SYSTEM32\WINHTTP.dll
0x00007ffe57660000 - 0x00007ffe576c7000 	C:\Windows\system32\mswsock.dll
0x00007ffe4c3f0000 - 0x00007ffe4c405000 	C:\Program Files\Java\jdk-17.0.1\bin\nio.dll
0x00007ffe49200000 - 0x00007ffe49218000 	C:\Program Files\Java\jdk-17.0.1\bin\zip.dll
0x0000000065ac0000 - 0x0000000065b0b000 	C:\Users\rafael.graunke\AppData\Local\Temp\libgdxrafael.graunke\7d76f548\gdx64.dll
0x00007ffe578a0000 - 0x00007ffe578b8000 	C:\Windows\SYSTEM32\CRYPTSP.dll
0x00007ffe57190000 - 0x00007ffe571c5000 	C:\Windows\system32\rsaenh.dll
0x00007ffe57750000 - 0x00007ffe57779000 	C:\Windows\SYSTEM32\USERENV.dll
0x00007ffe57a20000 - 0x00007ffe57a47000 	C:\Windows\SYSTEM32\bcrypt.dll
0x00007ffe578c0000 - 0x00007ffe578cc000 	C:\Windows\SYSTEM32\CRYPTBASE.dll
0x00007ffe56d60000 - 0x00007ffe56d8d000 	C:\Windows\SYSTEM32\IPHLPAPI.DLL
0x00007ffe5a620000 - 0x00007ffe5a629000 	C:\Windows\System32\NSI.dll
0x00007ffe53560000 - 0x00007ffe53579000 	C:\Windows\SYSTEM32\dhcpcsvc6.DLL
0x00007ffe53e80000 - 0x00007ffe53e9e000 	C:\Windows\SYSTEM32\dhcpcsvc.DLL
0x00007ffe56d90000 - 0x00007ffe56e77000 	C:\Windows\SYSTEM32\DNSAPI.dll
0x00007ffe4d910000 - 0x00007ffe4d920000 	C:\Program Files\Java\jdk-17.0.1\bin\verify.dll
0x0000000180000000 - 0x0000000180053000 	C:\Users\rafael.graunke\AppData\Local\Temp\libgdxrafael.graunke\1cecf4f6\lwjgl64.dll
0x00007ffe2fba0000 - 0x00007ffe2fca1000 	C:\Windows\SYSTEM32\OPENGL32.dll
0x00007ffe433f0000 - 0x00007ffe4341d000 	C:\Windows\SYSTEM32\GLU32.dll
0x00007ffe55980000 - 0x00007ffe559b8000 	C:\Windows\SYSTEM32\dxcore.dll
0x000001c6f95d0000 - 0x000001c6f9634000 	C:\Users\RAFAEL~1.GRA\AppData\Local\Temp\libgdxrafael.graunke\1cecf4f6\OpenAL64.dll
0x00007ffe5a860000 - 0x00007ffe5a9fa000 	C:\Windows\System32\ole32.dll
0x00007ffe55710000 - 0x00007ffe557bc000 	C:\Windows\system32\uxtheme.dll
0x00007ffe5aa50000 - 0x00007ffe5aaff000 	C:\Windows\System32\clbcatq.dll
0x00007ffe3f730000 - 0x00007ffe3f7d2000 	C:\Windows\SYSTEM32\dsound.dll
0x00007ffe56a40000 - 0x00007ffe56a8d000 	C:\Windows\SYSTEM32\powrprof.dll
0x00007ffe488b0000 - 0x00007ffe488d9000 	C:\Windows\SYSTEM32\winmmbase.dll
0x00007ffe15e80000 - 0x00007ffe15f31000 	C:\Windows\SYSTEM32\ResampleDmo.DLL
0x00007ffe5a370000 - 0x00007ffe5a446000 	C:\Windows\System32\OLEAUT32.dll
0x00007ffe3d860000 - 0x00007ffe3d86b000 	C:\Windows\SYSTEM32\msdmo.dll
0x00007ffe56b30000 - 0x00007ffe56b43000 	C:\Windows\SYSTEM32\UMPDC.dll
0x00007ffe4fa80000 - 0x00007ffe4fb1c000 	C:\Windows\System32\MMDevApi.dll
0x00007ffe57d60000 - 0x00007ffe57d8c000 	C:\Windows\System32\DEVOBJ.dll
0x00007ffe57d10000 - 0x00007ffe57d5c000 	C:\Windows\SYSTEM32\cfgmgr32.dll
0x00007ffe4d980000 - 0x00007ffe4db55000 	C:\Windows\SYSTEM32\AUDIOSES.DLL
0x00007ffe55a40000 - 0x00007ffe55a55000 	C:\Windows\SYSTEM32\resourcepolicyclient.dll
0x00007ffe48ad0000 - 0x00007ffe48b89000 	C:\Windows\SYSTEM32\mscms.dll
0x00007ffe36420000 - 0x00007ffe3646a000 	C:\Windows\System32\Windows.Internal.Graphics.Display.DisplayColorManagement.dll
0x00007ffe59140000 - 0x00007ffe5925e000 	C:\Windows\System32\MSCTF.dll
0x00007ffe410f0000 - 0x00007ffe4121d000 	C:\Windows\SYSTEM32\textinputframework.dll
0x00007ffe55140000 - 0x00007ffe55272000 	C:\Windows\SYSTEM32\CoreMessaging.dll
0x00007ffe52550000 - 0x00007ffe528bd000 	C:\Windows\SYSTEM32\CoreUIComponents.dll
0x00007ffe531d0000 - 0x00007ffe53303000 	C:\Windows\System32\AppXDeploymentClient.dll
0x00007ffe52f90000 - 0x00007ffe5317e000 	C:\Windows\SYSTEM32\urlmon.dll
0x00007ffe52ca0000 - 0x00007ffe52f52000 	C:\Windows\System32\iertutil.dll
0x00007ffe52f60000 - 0x00007ffe52f88000 	C:\Windows\System32\srvcli.dll
0x00007ffe56d50000 - 0x00007ffe56d5c000 	C:\Windows\System32\netutils.dll
0x00007ffe32660000 - 0x00007ffe3268c000 	C:\Windows\System32\DriverStore\FileRepository\u0372545.inf_amd64_56d459236871c3f2\B372333\atig6pxx.dll
0x00007ffe16650000 - 0x00007ffe19493000 	C:\Windows\System32\DriverStore\FileRepository\u0372545.inf_amd64_56d459236871c3f2\B372333\atio6axx.dll
0x00007ffe58b50000 - 0x00007ffe58fbb000 	C:\Windows\System32\SETUPAPI.dll
0x00007ffe4e180000 - 0x00007ffe4e1a5000 	C:\Windows\SYSTEM32\dxva2.dll
0x00007ffe55b40000 - 0x00007ffe55b6f000 	C:\Windows\SYSTEM32\dwmapi.dll
0x00007ffe30260000 - 0x00007ffe3029f000 	C:\Windows\System32\DriverStore\FileRepository\u0372545.inf_amd64_56d459236871c3f2\B372333\atig6txx.dll
0x00007ffe1fa30000 - 0x00007ffe1fbfc000 	C:\Windows\SYSTEM32\atiadlxx.dll
0x00007ffe4e390000 - 0x00007ffe4e3df000 	C:\Windows\SYSTEM32\pdh.dll
0x00007ffe541b0000 - 0x00007ffe542a7000 	C:\Windows\SYSTEM32\PROPSYS.dll
0x00007ffe581e0000 - 0x00007ffe58246000 	C:\Windows\System32\WINTRUST.dll
0x00007ffe58760000 - 0x00007ffe588c2000 	C:\Windows\System32\CRYPT32.dll
0x00007ffe57900000 - 0x00007ffe57912000 	C:\Windows\SYSTEM32\MSASN1.dll
0x00007ffe3f6e0000 - 0x00007ffe3f724000 	C:\Windows\SYSTEM32\icm32.dll
0x000000006e9c0000 - 0x000000006ea1b000 	C:\Users\rafael.graunke\AppData\Local\Temp\libgdxrafael.graunke\b8f13a6a\gdx-box2d64.dll

dbghelp: loaded successfully - version: 4.0.5 - missing functions: none
symbol engine: initialized successfully - sym options: 0x614 - pdb path: .;C:\Program Files\Java\jdk-17.0.1\bin;C:\Windows\SYSTEM32;C:\Windows\WinSxS\amd64_microsoft.windows.common-controls_6595b64144ccf1df_6.0.22000.120_none_9d947278b86cc467;C:\Program Files\Java\jdk-17.0.1\bin\server;C:\Users\rafael.graunke\AppData\Local\Temp\libgdxrafael.graunke\7d76f548;C:\Users\rafael.graunke\AppData\Local\Temp\libgdxrafael.graunke\1cecf4f6;C:\Users\RAFAEL~1.GRA\AppData\Local\Temp\libgdxrafael.graunke\1cecf4f6;C:\Windows\System32\DriverStore\FileRepository\u0372545.inf_amd64_56d459236871c3f2\B372333;C:\Users\rafael.graunke\AppData\Local\Temp\libgdxrafael.graunke\b8f13a6a

VM Arguments:
jvm_args: -Dfile.encoding=Cp1252 -XX:+ShowCodeDetailsInExceptionMessages 
java_command: com.mygdx.game.desktop.DesktopLauncher
java_class_path (initial): C:\Users\rafael.graunke\Documents\Projetos\Java\lost-legacy\desktop\bin\main;\core\bin\default;C:\Users\rafael.graunke\Documents\Projetos\Java\lost-legacy\core\bin\main;C:\Users\rafael.graunke\.gradle\caches\modules-2\files-2.1\com.badlogicgames.gdx\gdx-backend-lwjgl\1.9.10\8f88abd43500d94c486d25f04d642318da72773a\gdx-backend-lwjgl-1.9.10.jar;C:\Users\rafael.graunke\.gradle\caches\modules-2\files-2.1\com.badlogicgames.gdx\gdx-platform\1.9.10\1907b49f8363dd1ee37d273854a9cc3c741a6e66\gdx-platform-1.9.10-natives-desktop.jar;C:\Users\rafael.graunke\.gradle\caches\modules-2\files-2.1\com.badlogicgames.gdx\gdx-box2d-platform\1.9.10\91b19c283b24eec646a18e0e7b940c829920df4f\gdx-box2d-platform-1.9.10-natives-desktop.jar;C:\Users\rafael.graunke\.gradle\caches\modules-2\files-2.1\com.badlogicgames.gdx\gdx-box2d\1.9.10\d68a7a3484d47529a8d23cd467579eb098b38a9e\gdx-box2d-1.9.10.jar;C:\Users\rafael.graunke\.gradle\caches\modules-2\files-2.1\com.badlogicgames.gdx\gdx\1.9.10\79d9ad27bd5e3eb18c9ade61d3a27d7237695d53\gdx-1.9.10.jar;C:\Users\rafael.graunke\.gradle\caches\modules-2\files-2.1\org.lwjgl.lwjgl\lwjgl_util\2.9.3\751f06b62424da056954c67288fd5c494431e350\lwjgl_util-2.9.3.jar;C:\Users\rafael.graunke\.gradle\caches\modules-2\files-2.1\org.lwjgl.lwjgl\lwjgl\2.9.3\3df168ac74e4a8c96562cdff24ad352e255bf89c\lwjgl-2.9.3.jar;C:\Users\rafael.graunke\.gradle\caches\modules-2\files-2.1\com.badlogicgames.jlayer\jlayer\1.0.1-gdx\7cca83cec5c1b2f011362f4d85aabd71a73b049d\jlayer-1.0.1-gdx.jar;C:\Users\rafael.graunke\.gradle\caches\modules-2\files-2.1\org.jcraft\jorbis\0.0.17\8872d22b293e8f5d7d56ff92be966e6dc28ebdc6\jorbis-0.0.17.jar;C:\Users\rafael.graunke\.gradle\caches\modules-2\files-2.1\org.lwjgl.lwjgl\lwjgl-platform\2.9.3\fbc2afb3e288578e9942578decb6291a490549a0\lwjgl-platform-2.9.3-natives-windows.jar;C:\Users\rafael.graunke\.gradle\caches\modules-2\files-2.1\org.lwjgl.lwjgl\lwjgl-platform\2.9.3\b1eafe80093381c56415731e1d64279e6140bcd0\lwjgl-platform-2.9.3-na
Launcher Type: SUN_STANDARD

[Global flags]
     intx CICompilerCount                          = 4                                         {product} {ergonomic}
     uint ConcGCThreads                            = 3                                         {product} {ergonomic}
     uint G1ConcRefinementThreads                  = 10                                        {product} {ergonomic}
   size_t G1HeapRegionSize                         = 2097152                                   {product} {ergonomic}
    uintx GCDrainStackTargetSize                   = 64                                        {product} {ergonomic}
   size_t InitialHeapSize                          = 268435456                                 {product} {ergonomic}
   size_t MarkStackSize                            = 4194304                                   {product} {ergonomic}
   size_t MaxHeapSize                              = 4273995776                                {product} {ergonomic}
   size_t MaxNewSize                               = 2562719744                                {product} {ergonomic}
   size_t MinHeapDeltaBytes                        = 2097152                                   {product} {ergonomic}
   size_t MinHeapSize                              = 8388608                                   {product} {ergonomic}
    uintx NonNMethodCodeHeapSize                   = 5839372                                {pd product} {ergonomic}
    uintx NonProfiledCodeHeapSize                  = 122909434                              {pd product} {ergonomic}
    uintx ProfiledCodeHeapSize                     = 122909434                              {pd product} {ergonomic}
    uintx ReservedCodeCacheSize                    = 251658240                              {pd product} {ergonomic}
     bool SegmentedCodeCache                       = true                                      {product} {ergonomic}
     bool ShowCodeDetailsInExceptionMessages       = true                                   {manageable} {command line}
   size_t SoftMaxHeapSize                          = 4273995776                             {manageable} {ergonomic}
     bool UseCompressedClassPointers               = true                           {product lp64_product} {ergonomic}
     bool UseCompressedOops                        = true                           {product lp64_product} {ergonomic}
     bool UseG1GC                                  = true                                      {product} {ergonomic}
     bool UseLargePagesIndividualAllocation        = false                                  {pd product} {ergonomic}

Logging:
Log output configuration:
 #0: stdout all=warning uptime,level,tags
 #1: stderr all=off uptime,level,tags

Environment Variables:
JAVA_HOME=C:\Program Files\Java\jdk-17.0.1
PATH=C:\Program Files\Common Files\Oracle\Java\javapath;C:\Program Files (x86)\Common Files\Oracle\Java\javapath;C:\Windows\system32;C:\Windows;C:\Windows\System32\Wbem;C:\Windows\System32\WindowsPowerShell\v1.0\;C:\Windows\System32\OpenSSH\;C:\Program Files\Git\cmd;C:\Program Files\PostgreSQL\14\bin;C:\Program Files\Java\jdk-17.0.1\bin;C:\Program Files\PuTTY\;C:\Users\rafael.graunke\AppData\Local\Microsoft\WindowsApps;C:\Users\rafael.graunke\AppData\Local\Programs\Microsoft VS Code\bin;C:\Program Files\JetBrains\IntelliJ IDEA Community Edition 2021.3\bin;;C:\Users\rafael.graunke\AppData\Local\GitHubDesktop\bin
USERNAME=rafael.graunke
OS=Windows_NT
PROCESSOR_IDENTIFIER=AMD64 Family 23 Model 113 Stepping 0, AuthenticAMD



---------------  S Y S T E M  ---------------

OS:
 Windows 10 , 64 bit Build 22000 (10.0.22000.434)
OS uptime: 3 days 9:58 hours

CPU: total 12 (initial active 12) (12 cores per cpu, 2 threads per core) family 23 model 113 stepping 0 microcode 0x0, cx8, cmov, fxsr, ht, mmx, 3dnowpref, sse, sse2, sse3, ssse3, sse4a, sse4.1, sse4.2, popcnt, lzcnt, tsc, tscinvbit, avx, avx2, aes, clmul, bmi1, bmi2, adx, sha, fma, vzeroupper, clflush, clflushopt

Memory: 4k page, system-wide physical 16297M (11075M free)
TotalPageFile size 18729M (AvailPageFile size 10179M)
current process WorkingSet (physical memory assigned to process): 133M, peak: 141M
current process commit charge ("private bytes"): 601M, peak: 610M

vm_info: Java HotSpot(TM) 64-Bit Server VM (17.0.1+12-LTS-39) for windows-amd64 JRE (17.0.1+12-LTS-39), built on Sep 27 2021 18:41:35 by "mach5one" with MS VC++ 16.8 (VS2019)

END.
